# ELBREAD: Elaboration process.
# ELBREAD: Elaboration time 0.0 [s].
asim -t ns -O5 +access +r +m+usuario usuario usuario_architecture
# ELBREAD: Elaboration process.
# ELBREAD: Elaboration time 0.0 [s].
# VSIM: Stack memory: 32MB
# VSIM: Retval memory: 32MB
# 
# KERNEL: Main thread initiated.
# KERNEL: Kernel process initialization phase.
# ELAB2: Elaboration final pass...
# ELAB2: Create instances ...
# KERNEL: Time resolution set to 1ns.
# ELAB2: Create instances complete.
# SLP: Started
# SLP: Elaboration phase ...
# SLP: Elaboration phase ... skipped, nothing to simulate in SLP mode : 0.0 [s]
# SLP: Finished : 0.0 [s]
# ELAB2: Elaboration final pass complete - time: 0.5 [s].
# KERNEL: Warning: You are using the Active-HDL Student Edition. The performance of simulation is running at a reduced rate.
# KERNEL: Warning: Contact Aldec for available upgrade options - sales@aldec.com.
# KERNEL: Kernel process initialization done.
# Allocation: Simulator allocated 69381 kB (elbread=427 elab2=68291 kernel=661 sdf=0)
# KERNEL: ASDB file was created in location C:\Practica10\My_Designs\TDA_1819\TDA_1819\src\wave.asdb
#  4:57 p. m., viernes, 21 de noviembre de 2025
#  Simulation has been initialized
# add wave -noreg {/usuario/DoneCompUser}
# add wave -noreg {/usuario/DoneCpuUser}
# add wave -noreg {/usuario/ReadyUser}
# VSIM: 3 object(s) traced.
# Waveform file 'untitled.awc' connected to 'C:/Practica10/My_Designs/TDA_1819/TDA_1819/src/wave.asdb'.
# add wave -noreg {/usuario/UUT/UUT2/UUT7/DataRegOutIF}
# add wave -noreg {/usuario/UUT/UUT2/UUT7/R1}
# add wave -noreg {/usuario/UUT/UUT2/UUT7/R2}
# add wave -noreg {/usuario/UUT/UUT2/UUT7/R4}
# VSIM: 4 object(s) traced.
# add wave -noreg {/usuario/UUT/UUT2/UUT7/R3}
# VSIM: 1 object(s) traced.
# add wave -noreg {/usuario/UUT/UUT2/UUT7/SP}
# VSIM: 1 object(s) traced.
run
# EXECUTION:: WARNING: El programa 'Assembler/pushh2.asm' ha sido ensamblado exitosamente
# EXECUTION:: Time: 139 ns,  Iteration: 1,  Instance: /usuario,  Process: Main.
# EXECUTION:: NOTE   : Valor de Size = 2
# EXECUTION:: Time: 1027 ns,  Iteration: 0,  Instance: /usuario/UUT/UUT2/UUT2/UUT5,  Process: Main.
# EXECUTION:: NOTE   : Valor de Size = 2
# EXECUTION:: Time: 1227 ns,  Iteration: 0,  Instance: /usuario/UUT/UUT2/UUT2/UUT5,  Process: Main.
# EXECUTION:: WARNING: El programa 'Assembler/pushh2.asm' ha sido ejecutado exitosamente
# EXECUTION:: Time: 1450 ns,  Iteration: 1,  Instance: /usuario,  Process: Main.
# KERNEL: Simulation has finished. There are no more test vectors to simulate.
acom -O3 -e 100 -work tda_1819 -2002  "$dsn/src/Usuario/PC/2. CPU/2. Etapas/2. Decode/decode.vhd"
# Compile Entity "decode"
# Compile Architecture "decode_architecture" of Entity "decode"
# Compile success 0 Errors 0 Warnings  Analysis time :  0.1 [s]
acom -O3 -e 100 -work tda_1819 -2002  "$dsn/src/Usuario/PC/2. CPU/2. Etapas/2. Decode/decode.vhd"
# Compile Entity "decode"
# Compile Architecture "decode_architecture" of Entity "decode"
# Compile success 0 Errors 0 Warnings  Analysis time :  0.1 [s]
restart
# ELBREAD: Elaboration process.
# ELBREAD: Elaboration time 0.0 [s].
# 
# KERNEL: Main thread initiated.
# KERNEL: Kernel process initialization phase.
# ELAB2: Elaboration final pass...
# ELAB2: Create instances ...
# KERNEL: Time resolution set to 1ns.
# ELAB2: Create instances complete.
# SLP: Started
# SLP: Elaboration phase ...
# SLP: Elaboration phase ... skipped, nothing to simulate in SLP mode : 0.0 [s]
# SLP: Finished : 0.0 [s]
# ELAB2: Elaboration final pass complete - time: 0.2 [s].
# KERNEL: Warning: You are using the Active-HDL Student Edition. The performance of simulation is running at a reduced rate.
# KERNEL: Warning: Contact Aldec for available upgrade options - sales@aldec.com.
# KERNEL: Kernel process initialization done.
# Allocation: Simulator allocated 69381 kB (elbread=427 elab2=68292 kernel=661 sdf=0)
# KERNEL: ASDB file was created in location C:\Practica10\My_Designs\TDA_1819\TDA_1819\src\wave.asdb
#  5:01 p. m., viernes, 21 de noviembre de 2025
#  Simulation has been initialized
# Waveform file 'untitled.awc' connected to 'C:/Practica10/My_Designs/TDA_1819/TDA_1819/src/wave.asdb'.
run
# EXECUTION:: WARNING: El programa 'Assembler/pushh2.asm' ha sido ensamblado exitosamente
# EXECUTION:: Time: 121 ns,  Iteration: 1,  Instance: /usuario,  Process: Main.
# EXECUTION:: NOTE   : Valor de Size = 2
# EXECUTION:: Time: 1027 ns,  Iteration: 0,  Instance: /usuario/UUT/UUT2/UUT2/UUT5,  Process: Main.
# EXECUTION:: NOTE   : Valor de Size = 2
# EXECUTION:: Time: 1077 ns,  Iteration: 0,  Instance: /usuario/UUT/UUT2/UUT2/UUT5,  Process: Main.
# EXECUTION:: WARNING: El programa 'Assembler/pushh2.asm' ha sido ejecutado exitosamente
# EXECUTION:: Time: 1300 ns,  Iteration: 1,  Instance: /usuario,  Process: Main.
# KERNEL: Simulation has finished. There are no more test vectors to simulate.
acom -O3 -e 100 -work tda_1819 -2002  "$dsn/src/Usuario/PC/2. CPU/2. Etapas/2. Decode/decode.vhd"
# Compile Entity "decode"
# Compile Architecture "decode_architecture" of Entity "decode"
# Compile success 0 Errors 0 Warnings  Analysis time :  0.1 [s]
restart
# ELBREAD: Elaboration process.
# ELBREAD: Elaboration time 0.0 [s].
# 
# KERNEL: Main thread initiated.
# KERNEL: Kernel process initialization phase.
# ELAB2: Elaboration final pass...
# ELAB2: Create instances ...
# KERNEL: Time resolution set to 1ns.
# ELAB2: Create instances complete.
# SLP: Started
# SLP: Elaboration phase ...
# SLP: Elaboration phase ... skipped, nothing to simulate in SLP mode : 0.0 [s]
# SLP: Finished : 0.0 [s]
# ELAB2: Elaboration final pass complete - time: 0.2 [s].
# KERNEL: Warning: You are using the Active-HDL Student Edition. The performance of simulation is running at a reduced rate.
# KERNEL: Warning: Contact Aldec for available upgrade options - sales@aldec.com.
# KERNEL: Kernel process initialization done.
# Allocation: Simulator allocated 69381 kB (elbread=427 elab2=68292 kernel=661 sdf=0)
# KERNEL: ASDB file was created in location C:\Practica10\My_Designs\TDA_1819\TDA_1819\src\wave.asdb
#  5:01 p. m., viernes, 21 de noviembre de 2025
#  Simulation has been initialized
# Waveform file 'untitled.awc' connected to 'C:/Practica10/My_Designs/TDA_1819/TDA_1819/src/wave.asdb'.
run
# EXECUTION:: WARNING: El programa 'Assembler/pushh2.asm' ha sido ensamblado exitosamente
# EXECUTION:: Time: 121 ns,  Iteration: 1,  Instance: /usuario,  Process: Main.
# EXECUTION:: NOTE   : Valor de Size = 2
# EXECUTION:: Time: 1027 ns,  Iteration: 0,  Instance: /usuario/UUT/UUT2/UUT2/UUT5,  Process: Main.
# EXECUTION:: NOTE   : Valor de Size = 2
# EXECUTION:: Time: 1077 ns,  Iteration: 0,  Instance: /usuario/UUT/UUT2/UUT2/UUT5,  Process: Main.
# EXECUTION:: WARNING: El programa 'Assembler/pushh2.asm' ha sido ejecutado exitosamente
# EXECUTION:: Time: 1300 ns,  Iteration: 1,  Instance: /usuario,  Process: Main.
# KERNEL: Simulation has finished. There are no more test vectors to simulate.
acom -O3 -e 100 -work tda_1819 -2002  "$dsn/src/Usuario/PC/2. CPU/2. Etapas/2. Decode/decode.vhd"
# Compile Entity "decode"
# Compile Architecture "decode_architecture" of Entity "decode"
# Compile success 0 Errors 0 Warnings  Analysis time :  0.1 [s]
restart
# ELBREAD: Elaboration process.
# ELBREAD: Elaboration time 0.0 [s].
# 
# KERNEL: Main thread initiated.
# KERNEL: Kernel process initialization phase.
# ELAB2: Elaboration final pass...
# ELAB2: Create instances ...
# KERNEL: Time resolution set to 1ns.
# ELAB2: Create instances complete.
# SLP: Started
# SLP: Elaboration phase ...
# SLP: Elaboration phase ... skipped, nothing to simulate in SLP mode : 0.0 [s]
# SLP: Finished : 0.0 [s]
# ELAB2: Elaboration final pass complete - time: 0.1 [s].
# KERNEL: Warning: You are using the Active-HDL Student Edition. The performance of simulation is running at a reduced rate.
# KERNEL: Warning: Contact Aldec for available upgrade options - sales@aldec.com.
# KERNEL: Kernel process initialization done.
# Allocation: Simulator allocated 69381 kB (elbread=427 elab2=68292 kernel=661 sdf=0)
# KERNEL: ASDB file was created in location C:\Practica10\My_Designs\TDA_1819\TDA_1819\src\wave.asdb
#  5:02 p. m., viernes, 21 de noviembre de 2025
#  Simulation has been initialized
# Waveform file 'untitled.awc' connected to 'C:/Practica10/My_Designs/TDA_1819/TDA_1819/src/wave.asdb'.
run
# EXECUTION:: WARNING: El programa 'Assembler/pushh2.asm' ha sido ensamblado exitosamente
# EXECUTION:: Time: 121 ns,  Iteration: 1,  Instance: /usuario,  Process: Main.
# EXECUTION:: NOTE   : Valor de Size = 2
# EXECUTION:: Time: 1027 ns,  Iteration: 0,  Instance: /usuario/UUT/UUT2/UUT2/UUT5,  Process: Main.
# EXECUTION:: NOTE   : Valor de Size = 2
# EXECUTION:: Time: 1077 ns,  Iteration: 0,  Instance: /usuario/UUT/UUT2/UUT2/UUT5,  Process: Main.
# EXECUTION:: WARNING: El programa 'Assembler/pushh2.asm' ha sido ejecutado exitosamente
# EXECUTION:: Time: 1300 ns,  Iteration: 1,  Instance: /usuario,  Process: Main.
# KERNEL: Simulation has finished. There are no more test vectors to simulate.
acom -O3 -e 100 -work tda_1819 -2002  "$dsn/src/Usuario/PC/2. CPU/2. Etapas/2. Decode/decode.vhd"
# Compile Entity "decode"
# Compile Architecture "decode_architecture" of Entity "decode"
# Compile success 0 Errors 0 Warnings  Analysis time :  0.1 [s]
restart
# ELBREAD: Elaboration process.
# ELBREAD: Elaboration time 0.0 [s].
# 
# KERNEL: Main thread initiated.
# KERNEL: Kernel process initialization phase.
# ELAB2: Elaboration final pass...
# ELAB2: Create instances ...
# KERNEL: Time resolution set to 1ns.
# ELAB2: Create instances complete.
# SLP: Started
# SLP: Elaboration phase ...
# SLP: Elaboration phase ... skipped, nothing to simulate in SLP mode : 0.0 [s]
# SLP: Finished : 0.0 [s]
# ELAB2: Elaboration final pass complete - time: 0.1 [s].
# KERNEL: Warning: You are using the Active-HDL Student Edition. The performance of simulation is running at a reduced rate.
# KERNEL: Warning: Contact Aldec for available upgrade options - sales@aldec.com.
# KERNEL: Kernel process initialization done.
# Allocation: Simulator allocated 69381 kB (elbread=427 elab2=68291 kernel=661 sdf=0)
# KERNEL: ASDB file was created in location C:\Practica10\My_Designs\TDA_1819\TDA_1819\src\wave.asdb
#  5:02 p. m., viernes, 21 de noviembre de 2025
#  Simulation has been initialized
# Waveform file 'untitled.awc' connected to 'C:/Practica10/My_Designs/TDA_1819/TDA_1819/src/wave.asdb'.
run
# EXECUTION:: WARNING: El programa 'Assembler/pushh2.asm' ha sido ensamblado exitosamente
# EXECUTION:: Time: 121 ns,  Iteration: 1,  Instance: /usuario,  Process: Main.
# EXECUTION:: NOTE   : Valor de Size = 2
# EXECUTION:: Time: 1027 ns,  Iteration: 0,  Instance: /usuario/UUT/UUT2/UUT2/UUT5,  Process: Main.
# EXECUTION:: NOTE   : Valor de Size = 2
# EXECUTION:: Time: 1077 ns,  Iteration: 0,  Instance: /usuario/UUT/UUT2/UUT2/UUT5,  Process: Main.
# EXECUTION:: WARNING: El programa 'Assembler/pushh2.asm' ha sido ejecutado exitosamente
# EXECUTION:: Time: 1300 ns,  Iteration: 1,  Instance: /usuario,  Process: Main.
# KERNEL: Simulation has finished. There are no more test vectors to simulate.
restart
# ELBREAD: Elaboration process.
# ELBREAD: Elaboration time 0.0 [s].
# 
# KERNEL: Main thread initiated.
# KERNEL: Kernel process initialization phase.
# ELAB2: Elaboration final pass...
# ELAB2: Create instances ...
# KERNEL: Time resolution set to 1ns.
# ELAB2: Create instances complete.
# SLP: Started
# SLP: Elaboration phase ...
# SLP: Elaboration phase ... skipped, nothing to simulate in SLP mode : 0.0 [s]
# SLP: Finished : 0.0 [s]
# ELAB2: Elaboration final pass complete - time: 0.2 [s].
# KERNEL: Warning: You are using the Active-HDL Student Edition. The performance of simulation is running at a reduced rate.
# KERNEL: Warning: Contact Aldec for available upgrade options - sales@aldec.com.
# KERNEL: Kernel process initialization done.
# Allocation: Simulator allocated 69381 kB (elbread=427 elab2=68291 kernel=661 sdf=0)
# KERNEL: ASDB file was created in location C:\Practica10\My_Designs\TDA_1819\TDA_1819\src\wave.asdb
#  5:05 p. m., viernes, 21 de noviembre de 2025
#  Simulation has been initialized
# Waveform file 'untitled.awc' connected to 'C:/Practica10/My_Designs/TDA_1819/TDA_1819/src/wave.asdb'.
run
# EXECUTION:: WARNING: El programa 'Assembler/pushh2.asm' ha sido ensamblado exitosamente
# EXECUTION:: Time: 115 ns,  Iteration: 1,  Instance: /usuario,  Process: Main.
# EXECUTION:: NOTE   : Valor de Size = 2
# EXECUTION:: Time: 1027 ns,  Iteration: 0,  Instance: /usuario/UUT/UUT2/UUT2/UUT5,  Process: Main.
# EXECUTION:: NOTE   : Valor de Size = 2
# EXECUTION:: Time: 1177 ns,  Iteration: 0,  Instance: /usuario/UUT/UUT2/UUT2/UUT5,  Process: Main.
# EXECUTION:: WARNING: El programa 'Assembler/pushh2.asm' ha sido ejecutado exitosamente
# EXECUTION:: Time: 1400 ns,  Iteration: 1,  Instance: /usuario,  Process: Main.
# KERNEL: Simulation has finished. There are no more test vectors to simulate.
restart
# ELBREAD: Elaboration process.
# ELBREAD: Elaboration time 0.0 [s].
# 
# KERNEL: Main thread initiated.
# KERNEL: Kernel process initialization phase.
# ELAB2: Elaboration final pass...
# ELAB2: Create instances ...
# KERNEL: Time resolution set to 1ns.
# ELAB2: Create instances complete.
# SLP: Started
# SLP: Elaboration phase ...
# SLP: Elaboration phase ... skipped, nothing to simulate in SLP mode : 0.0 [s]
# SLP: Finished : 0.0 [s]
# ELAB2: Elaboration final pass complete - time: 0.2 [s].
# KERNEL: Warning: You are using the Active-HDL Student Edition. The performance of simulation is running at a reduced rate.
# KERNEL: Warning: Contact Aldec for available upgrade options - sales@aldec.com.
# KERNEL: Kernel process initialization done.
# Allocation: Simulator allocated 69381 kB (elbread=427 elab2=68291 kernel=661 sdf=0)
# KERNEL: ASDB file was created in location C:\Practica10\My_Designs\TDA_1819\TDA_1819\src\wave.asdb
#  5:06 p. m., viernes, 21 de noviembre de 2025
#  Simulation has been initialized
# Waveform file 'untitled.awc' connected to 'C:/Practica10/My_Designs/TDA_1819/TDA_1819/src/wave.asdb'.
run
# EXECUTION:: WARNING: El programa 'Assembler/pushh2.asm' ha sido ensamblado exitosamente
# EXECUTION:: Time: 121 ns,  Iteration: 1,  Instance: /usuario,  Process: Main.
# EXECUTION:: NOTE   : Valor de Size = 2
# EXECUTION:: Time: 1027 ns,  Iteration: 0,  Instance: /usuario/UUT/UUT2/UUT2/UUT5,  Process: Main.
# EXECUTION:: NOTE   : Valor de Size = 2
# EXECUTION:: Time: 1227 ns,  Iteration: 0,  Instance: /usuario/UUT/UUT2/UUT2/UUT5,  Process: Main.
# EXECUTION:: WARNING: El programa 'Assembler/pushh2.asm' ha sido ejecutado exitosamente
# EXECUTION:: Time: 1450 ns,  Iteration: 1,  Instance: /usuario,  Process: Main.
# KERNEL: Simulation has finished. There are no more test vectors to simulate.
acom -O3 -e 100 -work tda_1819 -2002  "$dsn/src/Usuario/PC/1. Ensamblador/ensamblador.vhd"
# Compile Entity "ensamblador"
# Compile Architecture "ENSAMBLADOR_ARCHITECTURE" of Entity "ensamblador"
# Error: COMP96_0078: Usuario/PC/1. Ensamblador/ensamblador.vhd : (948, 20): Unknown identifier "ID_SP".
# Error: COMP96_0133: Usuario/PC/1. Ensamblador/ensamblador.vhd : (948, 20): Cannot find object declaration.
# Error: COMP96_0077: Usuario/PC/1. Ensamblador/ensamblador.vhd : (948, 20): Undefined type of expression. Expected type 'INTEGER'.
# Compile failure 3 Errors 0 Warnings  Analysis time :  47.0 [ms]
acom -O3 -e 100 -work tda_1819 -2002  "$dsn/src/Usuario/PC/1. Ensamblador/ensamblador.vhd"
# Compile Entity "ensamblador"
# Compile Architecture "ENSAMBLADOR_ARCHITECTURE" of Entity "ensamblador"
# Compile success 0 Errors 0 Warnings  Analysis time :  0.2 [s]
acom -O3 -e 100 -work tda_1819 -2002  "$dsn/src/Usuario/PC/1. Ensamblador/ensamblador.vhd"
# Compile Entity "ensamblador"
# Compile Architecture "ENSAMBLADOR_ARCHITECTURE" of Entity "ensamblador"
# Compile success 0 Errors 0 Warnings  Analysis time :  0.2 [s]
restart
# ELBREAD: Elaboration process.
# ELBREAD: Elaboration time 0.0 [s].
# 
# KERNEL: Main thread initiated.
# KERNEL: Kernel process initialization phase.
# ELAB2: Elaboration final pass...
# ELAB2: Create instances ...
# KERNEL: Time resolution set to 1ns.
# ELAB2: Create instances complete.
# SLP: Started
# SLP: Elaboration phase ...
# SLP: Elaboration phase ... skipped, nothing to simulate in SLP mode : 0.0 [s]
# SLP: Finished : 0.0 [s]
# ELAB2: Elaboration final pass complete - time: 0.2 [s].
# KERNEL: Warning: You are using the Active-HDL Student Edition. The performance of simulation is running at a reduced rate.
# KERNEL: Warning: Contact Aldec for available upgrade options - sales@aldec.com.
# KERNEL: Kernel process initialization done.
# Allocation: Simulator allocated 69381 kB (elbread=427 elab2=68292 kernel=661 sdf=0)
# KERNEL: ASDB file was created in location C:\Practica10\My_Designs\TDA_1819\TDA_1819\src\wave.asdb
#  5:49 p. m., viernes, 21 de noviembre de 2025
#  Simulation has been initialized
# Waveform file 'untitled.awc' connected to 'C:/Practica10/My_Designs/TDA_1819/TDA_1819/src/wave.asdb'.
run
acom -O3 -e 100 -work tda_1819 -2002  "$dsn/src/Usuario/PC/2. CPU/2. Etapas/3. Execute/execute.vhd"
# Compile Entity "execute"
# Compile Architecture "EXECUTE_ARCHITECTURE" of Entity "execute"
# Compile success 0 Errors 0 Warnings  Analysis time :  46.0 [ms]
# ELBREAD: Elaboration process.
# ELBREAD: Elaboration time 0.0 [s].
# 
# KERNEL: Main thread initiated.
# KERNEL: Kernel process initialization phase.
# ELAB2: Elaboration final pass...
# ELAB2: Create instances ...
# KERNEL: Time resolution set to 1ns.
# ELAB2: Create instances complete.
# SLP: Started
# SLP: Elaboration phase ...
# SLP: Elaboration phase ... skipped, nothing to simulate in SLP mode : 0.0 [s]
# SLP: Finished : 0.0 [s]
# ELAB2: Elaboration final pass complete - time: 0.2 [s].
# KERNEL: Warning: You are using the Active-HDL Student Edition. The performance of simulation is running at a reduced rate.
# KERNEL: Warning: Contact Aldec for available upgrade options - sales@aldec.com.
# KERNEL: Kernel process initialization done.
# Allocation: Simulator allocated 69381 kB (elbread=427 elab2=68292 kernel=661 sdf=0)
# KERNEL: ASDB file was created in location C:\Practica10\My_Designs\TDA_1819\TDA_1819\src\wave.asdb
#  5:49 p. m., viernes, 21 de noviembre de 2025
#  Simulation has been initialized
# Waveform file 'untitled.awc' connected to 'C:/Practica10/My_Designs/TDA_1819/TDA_1819/src/wave.asdb'.
run
# EXECUTION:: WARNING: El programa 'Assembler/pushh2.asm' ha sido ensamblado exitosamente
# EXECUTION:: Time: 125 ns,  Iteration: 1,  Instance: /usuario,  Process: Main.
# EXECUTION:: NOTE   : Valor de Size = 2
# EXECUTION:: Time: 1077 ns,  Iteration: 0,  Instance: /usuario/UUT/UUT2/UUT2/UUT5,  Process: Main.
# EXECUTION:: WARNING: El programa 'Assembler/pushh2.asm' ha sido ejecutado exitosamente
# EXECUTION:: Time: 1300 ns,  Iteration: 1,  Instance: /usuario,  Process: Main.
# KERNEL: Simulation has finished. There are no more test vectors to simulate.
restart
# ELBREAD: Elaboration process.
# ELBREAD: Elaboration time 0.0 [s].
# 
# KERNEL: Main thread initiated.
# KERNEL: Kernel process initialization phase.
# ELAB2: Elaboration final pass...
# ELAB2: Create instances ...
# KERNEL: Time resolution set to 1ns.
# ELAB2: Create instances complete.
# SLP: Started
# SLP: Elaboration phase ...
# SLP: Elaboration phase ... skipped, nothing to simulate in SLP mode : 0.0 [s]
# SLP: Finished : 0.0 [s]
# ELAB2: Elaboration final pass complete - time: 0.2 [s].
# KERNEL: Warning: You are using the Active-HDL Student Edition. The performance of simulation is running at a reduced rate.
# KERNEL: Warning: Contact Aldec for available upgrade options - sales@aldec.com.
# KERNEL: Kernel process initialization done.
# Allocation: Simulator allocated 69381 kB (elbread=427 elab2=68292 kernel=661 sdf=0)
# KERNEL: ASDB file was created in location C:\Practica10\My_Designs\TDA_1819\TDA_1819\src\wave.asdb
#  5:55 p. m., viernes, 21 de noviembre de 2025
#  Simulation has been initialized
# Waveform file 'untitled.awc' connected to 'C:/Practica10/My_Designs/TDA_1819/TDA_1819/src/wave.asdb'.
run
# EXECUTION:: FAILURE: Error en la línea 13 del programa 'Assembler/pushh2.asm': el segundo operando no hace referencia al nombre de ninguna variable válida declarada
# EXECUTION:: Time: 63 ns,  Iteration: 0,  Instance: /usuario/UUT/UUT1,  Process: Main.
# KERNEL: Stopped at time 63 ns + 0.
acom -O3 -e 100 -work tda_1819 -2002  "$dsn/src/Usuario/PC/1. Ensamblador/ensamblador.vhd"
# Compile Entity "ensamblador"
# Compile Architecture "ENSAMBLADOR_ARCHITECTURE" of Entity "ensamblador"
# Compile success 0 Errors 0 Warnings  Analysis time :  0.2 [s]
acom -O3 -e 100 -work tda_1819 -2002  "$dsn/src/Usuario/PC/1. Ensamblador/ensamblador.vhd"
# Compile Entity "ensamblador"
# Compile Architecture "ENSAMBLADOR_ARCHITECTURE" of Entity "ensamblador"
# Compile success 0 Errors 0 Warnings  Analysis time :  0.1 [s]
restart
# ELBREAD: Elaboration process.
# ELBREAD: Elaboration time 0.0 [s].
# 
# KERNEL: Main thread initiated.
# KERNEL: Kernel process initialization phase.
# ELAB2: Elaboration final pass...
# ELAB2: Create instances ...
# KERNEL: Time resolution set to 1ns.
# ELAB2: Create instances complete.
# SLP: Started
# SLP: Elaboration phase ...
# SLP: Elaboration phase ... skipped, nothing to simulate in SLP mode : 0.0 [s]
# SLP: Finished : 0.0 [s]
# ELAB2: Elaboration final pass complete - time: 0.2 [s].
# KERNEL: Warning: You are using the Active-HDL Student Edition. The performance of simulation is running at a reduced rate.
# KERNEL: Warning: Contact Aldec for available upgrade options - sales@aldec.com.
# KERNEL: Kernel process initialization done.
# Allocation: Simulator allocated 69381 kB (elbread=427 elab2=68292 kernel=661 sdf=0)
# KERNEL: ASDB file was created in location C:\Practica10\My_Designs\TDA_1819\TDA_1819\src\wave.asdb
#  6:01 p. m., viernes, 21 de noviembre de 2025
#  Simulation has been initialized
# Waveform file 'untitled.awc' connected to 'C:/Practica10/My_Designs/TDA_1819/TDA_1819/src/wave.asdb'.
run
# EXECUTION:: FAILURE: Error en la línea 13 del programa 'Assembler/pushh2.asm': el segundo operando no hace referencia al nombre de ninguna variable válida declarada
# EXECUTION:: Time: 63 ns,  Iteration: 0,  Instance: /usuario/UUT/UUT1,  Process: Main.
# KERNEL: Stopped at time 63 ns + 0.
restart
# ELBREAD: Elaboration process.
# ELBREAD: Elaboration time 0.0 [s].
# 
# KERNEL: Main thread initiated.
# KERNEL: Kernel process initialization phase.
# ELAB2: Elaboration final pass...
# ELAB2: Create instances ...
# KERNEL: Time resolution set to 1ns.
# ELAB2: Create instances complete.
# SLP: Started
# SLP: Elaboration phase ...
# SLP: Elaboration phase ... skipped, nothing to simulate in SLP mode : 0.0 [s]
# SLP: Finished : 0.0 [s]
# ELAB2: Elaboration final pass complete - time: 0.2 [s].
# KERNEL: Warning: You are using the Active-HDL Student Edition. The performance of simulation is running at a reduced rate.
# KERNEL: Warning: Contact Aldec for available upgrade options - sales@aldec.com.
# KERNEL: Kernel process initialization done.
# Allocation: Simulator allocated 69381 kB (elbread=427 elab2=68292 kernel=661 sdf=0)
# KERNEL: ASDB file was created in location C:\Practica10\My_Designs\TDA_1819\TDA_1819\src\wave.asdb
#  6:02 p. m., viernes, 21 de noviembre de 2025
#  Simulation has been initialized
# Waveform file 'untitled.awc' connected to 'C:/Practica10/My_Designs/TDA_1819/TDA_1819/src/wave.asdb'.
run
# EXECUTION:: FAILURE: Error en la línea 13 del programa 'Assembler/pushh2.asm': el segundo operando no hace referencia al nombre de ninguna variable válida declarada
# EXECUTION:: Time: 63 ns,  Iteration: 0,  Instance: /usuario/UUT/UUT1,  Process: Main.
# KERNEL: Stopped at time 63 ns + 0.
acom -O3 -e 100 -work tda_1819 -2002  "$dsn/src/Usuario/PC/1. Ensamblador/ensamblador.vhd"
# Compile Entity "ensamblador"
# Compile Architecture "ENSAMBLADOR_ARCHITECTURE" of Entity "ensamblador"
# Error: COMP96_0019: Usuario/PC/1. Ensamblador/ensamblador.vhd : (921, 2): Keyword 'end' expected.
# Error: COMP96_0019: Usuario/PC/1. Ensamblador/ensamblador.vhd : (921, 65): Keyword 'end' expected.
# Error: COMP96_0018: Usuario/PC/1. Ensamblador/ensamblador.vhd : (921, 90): Identifier expected.
# Error: COMP96_0018: Usuario/PC/1. Ensamblador/ensamblador.vhd : (922, 39): Identifier expected.
# Error: COMP96_0018: Usuario/PC/1. Ensamblador/ensamblador.vhd : (923, 31): Identifier expected.
# Error: COMP96_0018: Usuario/PC/1. Ensamblador/ensamblador.vhd : (924, 26): Identifier expected.
# Error: COMP96_0018: Usuario/PC/1. Ensamblador/ensamblador.vhd : (924, 57): Identifier expected.
# Error: COMP96_0018: Usuario/PC/1. Ensamblador/ensamblador.vhd : (924, 90): Identifier expected.
# Error: COMP96_0019: Usuario/PC/1. Ensamblador/ensamblador.vhd : (1213, 6): Keyword 'process' expected.
# Error: COMP96_0019: Usuario/PC/1. Ensamblador/ensamblador.vhd : (1217, 2): Keyword 'end' expected.
# Error: COMP96_0016: Usuario/PC/1. Ensamblador/ensamblador.vhd : (1217, 12): Design unit declaration expected.
# Compile failure 11 Errors 0 Warnings  Analysis time :  15.0 [ms]
acom -O3 -e 100 -work tda_1819 -2002  "$dsn/src/Usuario/PC/1. Ensamblador/ensamblador.vhd"
# Compile Entity "ensamblador"
# Compile Architecture "ENSAMBLADOR_ARCHITECTURE" of Entity "ensamblador"
# Error: COMP96_0019: Usuario/PC/1. Ensamblador/ensamblador.vhd : (920, 6): Keyword 'if' expected.
# Error: COMP96_0019: Usuario/PC/1. Ensamblador/ensamblador.vhd : (922, 2): Keyword 'end' expected.
# Compile failure 2 Errors 0 Warnings  Analysis time :  15.0 [ms]
acom -O3 -e 100 -work tda_1819 -2002  "$dsn/src/Usuario/PC/1. Ensamblador/ensamblador.vhd"
# Compile Entity "ensamblador"
# Compile Architecture "ENSAMBLADOR_ARCHITECTURE" of Entity "ensamblador"
# Error: COMP96_0019: Usuario/PC/1. Ensamblador/ensamblador.vhd : (922, 2): Keyword 'end' expected.
# Compile failure 1 Errors 0 Warnings  Analysis time :  31.0 [ms]
acom -O3 -e 100 -work tda_1819 -2002  "$dsn/src/Usuario/PC/1. Ensamblador/ensamblador.vhd"
# Compile Entity "ensamblador"
# Compile Architecture "ENSAMBLADOR_ARCHITECTURE" of Entity "ensamblador"
# Error: COMP96_0015: Usuario/PC/1. Ensamblador/ensamblador.vhd : (921, 6): ';' expected.
# Compile failure 1 Errors 0 Warnings  Analysis time :  31.0 [ms]
acom -O3 -e 100 -work tda_1819 -2002  "$dsn/src/Usuario/PC/1. Ensamblador/ensamblador.vhd"
# Compile Entity "ensamblador"
# Compile Architecture "ENSAMBLADOR_ARCHITECTURE" of Entity "ensamblador"
# Error: COMP96_0122: Usuario/PC/1. Ensamblador/ensamblador.vhd : (923, 12): Symbol "checkInstTd" has already been declared in this scope.
# Error: COMP96_0756: Usuario/PC/1. Ensamblador/ensamblador.vhd : (2400, 4): Subprogram call is ambiguous. At least two matching subprograms "checkInstTd(variables : variable_records; cant_variables : INTEGER; cadena : STRING; INSTTD_NAME : STRING; INSTTD_CODE : STD_LOGIC_VECTOR(7 downto 0); INSTTD_SIZE : INTEGER; i : INTEGER; check : BOOLEAN; nombre : STRING; num_linea : INTEGER; addr_linea : INTEGER)" and "checkInstTd(variables : variable_records; cant_variables : INTEGER; cadena : STRING; INSTTD_NAME : STRING; INSTTD_CODE : STD_LOGIC_VECTOR(7 downto 0); INSTTD_SIZE : INTEGER; i : INTEGER; check : BOOLEAN; nombre : STRING; num_linea : INTEGER; addr_linea : INTEGER)" were detected.
# Compile failure 2 Errors 0 Warnings  Analysis time :  62.0 [ms]
acom -O3 -e 100 -work tda_1819 -2002  "$dsn/src/Usuario/PC/1. Ensamblador/ensamblador.vhd"
# Compile Entity "ensamblador"
# Compile Architecture "ENSAMBLADOR_ARCHITECTURE" of Entity "ensamblador"
# Compile success 0 Errors 0 Warnings  Analysis time :  0.2 [s]
restart
# ELBREAD: Elaboration process.
# ELBREAD: Elaboration time 0.0 [s].
# 
# KERNEL: Main thread initiated.
# KERNEL: Kernel process initialization phase.
# ELAB2: Elaboration final pass...
# ELAB2: Create instances ...
# KERNEL: Time resolution set to 1ns.
# ELAB2: Create instances complete.
# SLP: Started
# SLP: Elaboration phase ...
# SLP: Elaboration phase ... skipped, nothing to simulate in SLP mode : 0.0 [s]
# SLP: Finished : 0.0 [s]
# ELAB2: Elaboration final pass complete - time: 0.2 [s].
# KERNEL: Warning: You are using the Active-HDL Student Edition. The performance of simulation is running at a reduced rate.
# KERNEL: Warning: Contact Aldec for available upgrade options - sales@aldec.com.
# KERNEL: Kernel process initialization done.
# Allocation: Simulator allocated 69381 kB (elbread=427 elab2=68292 kernel=661 sdf=0)
# KERNEL: ASDB file was created in location C:\Practica10\My_Designs\TDA_1819\TDA_1819\src\wave.asdb
#  6:15 p. m., viernes, 21 de noviembre de 2025
#  Simulation has been initialized
# Waveform file 'untitled.awc' connected to 'C:/Practica10/My_Designs/TDA_1819/TDA_1819/src/wave.asdb'.
run
# EXECUTION:: FAILURE: Error en la línea 13 del programa 'Assembler/pushh2.asm': el segundo operando no hace referencia al nombre de ninguna variable válida declarada
# EXECUTION:: Time: 63 ns,  Iteration: 0,  Instance: /usuario/UUT/UUT1,  Process: Main.
# KERNEL: Stopped at time 63 ns + 0.
acom -O3 -e 100 -work tda_1819 -2002  "$dsn/src/Usuario/PC/1. Ensamblador/ensamblador.vhd"
# Compile Entity "ensamblador"
# Compile Architecture "ENSAMBLADOR_ARCHITECTURE" of Entity "ensamblador"
# Error: COMP96_0019: Usuario/PC/1. Ensamblador/ensamblador.vhd : (1284, 3): Keyword 'end' expected.
# Compile failure 1 Errors 0 Warnings  Analysis time :  31.0 [ms]
acom -O3 -e 100 -work tda_1819 -2002  "$dsn/src/Usuario/PC/1. Ensamblador/ensamblador.vhd"
# Compile Entity "ensamblador"
# Compile Architecture "ENSAMBLADOR_ARCHITECTURE" of Entity "ensamblador"
# Compile success 0 Errors 0 Warnings  Analysis time :  0.2 [s]
restart
# ELBREAD: Elaboration process.
# ELBREAD: Elaboration time 0.0 [s].
# 
# KERNEL: Main thread initiated.
# KERNEL: Kernel process initialization phase.
# ELAB2: Elaboration final pass...
# ELAB2: Create instances ...
# KERNEL: Time resolution set to 1ns.
# ELAB2: Create instances complete.
# SLP: Started
# SLP: Elaboration phase ...
# SLP: Elaboration phase ... skipped, nothing to simulate in SLP mode : 0.0 [s]
# SLP: Finished : 0.0 [s]
# ELAB2: Elaboration final pass complete - time: 0.2 [s].
# KERNEL: Warning: You are using the Active-HDL Student Edition. The performance of simulation is running at a reduced rate.
# KERNEL: Warning: Contact Aldec for available upgrade options - sales@aldec.com.
# KERNEL: Kernel process initialization done.
# Allocation: Simulator allocated 69394 kB (elbread=427 elab2=68304 kernel=661 sdf=0)
# KERNEL: ASDB file was created in location C:\Practica10\My_Designs\TDA_1819\TDA_1819\src\wave.asdb
#  8:11 p. m., viernes, 21 de noviembre de 2025
#  Simulation has been initialized
# Waveform file 'untitled.awc' connected to 'C:/Practica10/My_Designs/TDA_1819/TDA_1819/src/wave.asdb'.
run
# EXECUTION:: WARNING: El programa 'Assembler/pushh2.asm' ha sido ensamblado exitosamente
# EXECUTION:: Time: 125 ns,  Iteration: 1,  Instance: /usuario,  Process: Main.
# EXECUTION:: NOTE   : Valor de Size = 2
# EXECUTION:: Time: 1227 ns,  Iteration: 0,  Instance: /usuario/UUT/UUT2/UUT2/UUT5,  Process: Main.
# EXECUTION:: WARNING: El programa 'Assembler/pushh2.asm' ha sido ejecutado exitosamente
# EXECUTION:: Time: 1450 ns,  Iteration: 1,  Instance: /usuario,  Process: Main.
# KERNEL: Simulation has finished. There are no more test vectors to simulate.
restart
# ELBREAD: Elaboration process.
# ELBREAD: Elaboration time 0.0 [s].
# 
# KERNEL: Main thread initiated.
# KERNEL: Kernel process initialization phase.
# ELAB2: Elaboration final pass...
# ELAB2: Create instances ...
# KERNEL: Time resolution set to 1ns.
# ELAB2: Create instances complete.
# SLP: Started
# SLP: Elaboration phase ...
# SLP: Elaboration phase ... skipped, nothing to simulate in SLP mode : 0.0 [s]
# SLP: Finished : 0.0 [s]
# ELAB2: Elaboration final pass complete - time: 0.2 [s].
# KERNEL: Warning: You are using the Active-HDL Student Edition. The performance of simulation is running at a reduced rate.
# KERNEL: Warning: Contact Aldec for available upgrade options - sales@aldec.com.
# KERNEL: Kernel process initialization done.
# Allocation: Simulator allocated 69394 kB (elbread=427 elab2=68304 kernel=661 sdf=0)
# KERNEL: ASDB file was created in location C:\Practica10\My_Designs\TDA_1819\TDA_1819\src\wave.asdb
#  8:12 p. m., viernes, 21 de noviembre de 2025
#  Simulation has been initialized
# Waveform file 'untitled.awc' connected to 'C:/Practica10/My_Designs/TDA_1819/TDA_1819/src/wave.asdb'.
run
# EXECUTION:: WARNING: El programa 'Assembler/pushh2.asm' ha sido ensamblado exitosamente
# EXECUTION:: Time: 125 ns,  Iteration: 1,  Instance: /usuario,  Process: Main.
# EXECUTION:: NOTE   : Valor de Size = 2
# EXECUTION:: Time: 1227 ns,  Iteration: 0,  Instance: /usuario/UUT/UUT2/UUT2/UUT5,  Process: Main.
# EXECUTION:: WARNING: El programa 'Assembler/pushh2.asm' ha sido ejecutado exitosamente
# EXECUTION:: Time: 1450 ns,  Iteration: 1,  Instance: /usuario,  Process: Main.
# KERNEL: Simulation has finished. There are no more test vectors to simulate.
restart
# ELBREAD: Elaboration process.
# ELBREAD: Elaboration time 0.0 [s].
# 
# KERNEL: Main thread initiated.
# KERNEL: Kernel process initialization phase.
# ELAB2: Elaboration final pass...
# ELAB2: Create instances ...
# KERNEL: Time resolution set to 1ns.
# ELAB2: Create instances complete.
# SLP: Started
# SLP: Elaboration phase ...
# SLP: Elaboration phase ... skipped, nothing to simulate in SLP mode : 0.0 [s]
# SLP: Finished : 0.0 [s]
# ELAB2: Elaboration final pass complete - time: 0.2 [s].
# KERNEL: Warning: You are using the Active-HDL Student Edition. The performance of simulation is running at a reduced rate.
# KERNEL: Warning: Contact Aldec for available upgrade options - sales@aldec.com.
# KERNEL: Kernel process initialization done.
# Allocation: Simulator allocated 69394 kB (elbread=427 elab2=68304 kernel=661 sdf=0)
# KERNEL: ASDB file was created in location C:\Practica10\My_Designs\TDA_1819\TDA_1819\src\wave.asdb
#  8:13 p. m., viernes, 21 de noviembre de 2025
#  Simulation has been initialized
# Waveform file 'untitled.awc' connected to 'C:/Practica10/My_Designs/TDA_1819/TDA_1819/src/wave.asdb'.
run
# EXECUTION:: WARNING: El programa 'Assembler/pushh2.asm' ha sido ensamblado exitosamente
# EXECUTION:: Time: 137 ns,  Iteration: 1,  Instance: /usuario,  Process: Main.
# EXECUTION:: NOTE   : Valor de Size = 2
# EXECUTION:: Time: 1427 ns,  Iteration: 0,  Instance: /usuario/UUT/UUT2/UUT2/UUT5,  Process: Main.
# EXECUTION:: WARNING: El programa 'Assembler/pushh2.asm' ha sido ejecutado exitosamente
# EXECUTION:: Time: 1650 ns,  Iteration: 1,  Instance: /usuario,  Process: Main.
# KERNEL: Simulation has finished. There are no more test vectors to simulate.
restart
# ELBREAD: Elaboration process.
# ELBREAD: Elaboration time 0.0 [s].
# 
# KERNEL: Main thread initiated.
# KERNEL: Kernel process initialization phase.
# ELAB2: Elaboration final pass...
# ELAB2: Create instances ...
# KERNEL: Time resolution set to 1ns.
# ELAB2: Create instances complete.
# SLP: Started
# SLP: Elaboration phase ...
# SLP: Elaboration phase ... skipped, nothing to simulate in SLP mode : 0.0 [s]
# SLP: Finished : 0.0 [s]
# ELAB2: Elaboration final pass complete - time: 0.2 [s].
# KERNEL: Warning: You are using the Active-HDL Student Edition. The performance of simulation is running at a reduced rate.
# KERNEL: Warning: Contact Aldec for available upgrade options - sales@aldec.com.
# KERNEL: Kernel process initialization done.
# Allocation: Simulator allocated 69394 kB (elbread=427 elab2=68304 kernel=661 sdf=0)
# KERNEL: ASDB file was created in location C:\Practica10\My_Designs\TDA_1819\TDA_1819\src\wave.asdb
#  8:13 p. m., viernes, 21 de noviembre de 2025
#  Simulation has been initialized
# Waveform file 'untitled.awc' connected to 'C:/Practica10/My_Designs/TDA_1819/TDA_1819/src/wave.asdb'.
run
# EXECUTION:: WARNING: El programa 'Assembler/pushh2.asm' ha sido ensamblado exitosamente
# EXECUTION:: Time: 149 ns,  Iteration: 1,  Instance: /usuario,  Process: Main.
# EXECUTION:: NOTE   : Valor de Size = 2
# EXECUTION:: Time: 1177 ns,  Iteration: 0,  Instance: /usuario/UUT/UUT2/UUT2/UUT5,  Process: Main.
# EXECUTION:: WARNING: El programa 'Assembler/pushh2.asm' ha sido ejecutado exitosamente
# EXECUTION:: Time: 1400 ns,  Iteration: 1,  Instance: /usuario,  Process: Main.
# KERNEL: Simulation has finished. There are no more test vectors to simulate.
restart
# ELBREAD: Elaboration process.
# ELBREAD: Elaboration time 0.0 [s].
# 
# KERNEL: Main thread initiated.
# KERNEL: Kernel process initialization phase.
# ELAB2: Elaboration final pass...
# ELAB2: Create instances ...
# KERNEL: Time resolution set to 1ns.
# ELAB2: Create instances complete.
# SLP: Started
# SLP: Elaboration phase ...
# SLP: Elaboration phase ... skipped, nothing to simulate in SLP mode : 0.0 [s]
# SLP: Finished : 0.0 [s]
# ELAB2: Elaboration final pass complete - time: 0.2 [s].
# KERNEL: Warning: You are using the Active-HDL Student Edition. The performance of simulation is running at a reduced rate.
# KERNEL: Warning: Contact Aldec for available upgrade options - sales@aldec.com.
# KERNEL: Kernel process initialization done.
# Allocation: Simulator allocated 69394 kB (elbread=427 elab2=68304 kernel=661 sdf=0)
# KERNEL: ASDB file was created in location C:\Practica10\My_Designs\TDA_1819\TDA_1819\src\wave.asdb
#  8:14 p. m., viernes, 21 de noviembre de 2025
#  Simulation has been initialized
# Waveform file 'untitled.awc' connected to 'C:/Practica10/My_Designs/TDA_1819/TDA_1819/src/wave.asdb'.
run
# EXECUTION:: WARNING: El programa 'Assembler/pushh2.asm' ha sido ensamblado exitosamente
# EXECUTION:: Time: 149 ns,  Iteration: 1,  Instance: /usuario,  Process: Main.
# EXECUTION:: NOTE   : Valor de Size = 2
# EXECUTION:: Time: 1227 ns,  Iteration: 0,  Instance: /usuario/UUT/UUT2/UUT2/UUT5,  Process: Main.
# EXECUTION:: WARNING: El programa 'Assembler/pushh2.asm' ha sido ejecutado exitosamente
# EXECUTION:: Time: 1450 ns,  Iteration: 1,  Instance: /usuario,  Process: Main.
# KERNEL: Simulation has finished. There are no more test vectors to simulate.
restart
# ELBREAD: Elaboration process.
# ELBREAD: Elaboration time 0.0 [s].
# 
# KERNEL: Main thread initiated.
# KERNEL: Kernel process initialization phase.
# ELAB2: Elaboration final pass...
# ELAB2: Create instances ...
# KERNEL: Time resolution set to 1ns.
# ELAB2: Create instances complete.
# SLP: Started
# SLP: Elaboration phase ...
# SLP: Elaboration phase ... skipped, nothing to simulate in SLP mode : 0.0 [s]
# SLP: Finished : 0.0 [s]
# ELAB2: Elaboration final pass complete - time: 0.2 [s].
# KERNEL: Warning: You are using the Active-HDL Student Edition. The performance of simulation is running at a reduced rate.
# KERNEL: Warning: Contact Aldec for available upgrade options - sales@aldec.com.
# KERNEL: Kernel process initialization done.
# Allocation: Simulator allocated 69394 kB (elbread=427 elab2=68304 kernel=661 sdf=0)
# KERNEL: ASDB file was created in location C:\Practica10\My_Designs\TDA_1819\TDA_1819\src\wave.asdb
#  8:14 p. m., viernes, 21 de noviembre de 2025
#  Simulation has been initialized
# Waveform file 'untitled.awc' connected to 'C:/Practica10/My_Designs/TDA_1819/TDA_1819/src/wave.asdb'.
run
# EXECUTION:: WARNING: El programa 'Assembler/pushh2.asm' ha sido ensamblado exitosamente
# EXECUTION:: Time: 149 ns,  Iteration: 1,  Instance: /usuario,  Process: Main.
# EXECUTION:: NOTE   : Valor de Size = 2
# EXECUTION:: Time: 1227 ns,  Iteration: 0,  Instance: /usuario/UUT/UUT2/UUT2/UUT5,  Process: Main.
# EXECUTION:: WARNING: El programa 'Assembler/pushh2.asm' ha sido ejecutado exitosamente
# EXECUTION:: Time: 1450 ns,  Iteration: 1,  Instance: /usuario,  Process: Main.
# KERNEL: Simulation has finished. There are no more test vectors to simulate.
restart
# ELBREAD: Elaboration process.
# ELBREAD: Elaboration time 0.0 [s].
# 
# KERNEL: Main thread initiated.
# KERNEL: Kernel process initialization phase.
# ELAB2: Elaboration final pass...
# ELAB2: Create instances ...
# KERNEL: Time resolution set to 1ns.
# ELAB2: Create instances complete.
# SLP: Started
# SLP: Elaboration phase ...
# SLP: Elaboration phase ... skipped, nothing to simulate in SLP mode : 0.0 [s]
# SLP: Finished : 0.0 [s]
# ELAB2: Elaboration final pass complete - time: 0.2 [s].
# KERNEL: Warning: You are using the Active-HDL Student Edition. The performance of simulation is running at a reduced rate.
# KERNEL: Warning: Contact Aldec for available upgrade options - sales@aldec.com.
# KERNEL: Kernel process initialization done.
# Allocation: Simulator allocated 69394 kB (elbread=427 elab2=68304 kernel=661 sdf=0)
# KERNEL: ASDB file was created in location C:\Practica10\My_Designs\TDA_1819\TDA_1819\src\wave.asdb
#  8:16 p. m., viernes, 21 de noviembre de 2025
#  Simulation has been initialized
# Waveform file 'untitled.awc' connected to 'C:/Practica10/My_Designs/TDA_1819/TDA_1819/src/wave.asdb'.
run
# EXECUTION:: WARNING: El programa 'Assembler/pushh2.asm' ha sido ensamblado exitosamente
# EXECUTION:: Time: 175 ns,  Iteration: 1,  Instance: /usuario,  Process: Main.
# EXECUTION:: NOTE   : Valor de Size = 2
# EXECUTION:: Time: 1277 ns,  Iteration: 0,  Instance: /usuario/UUT/UUT2/UUT2/UUT5,  Process: Main.
# EXECUTION:: NOTE   : Valor de Size = 2
# EXECUTION:: Time: 1477 ns,  Iteration: 0,  Instance: /usuario/UUT/UUT2/UUT2/UUT5,  Process: Main.
# EXECUTION:: WARNING: El programa 'Assembler/pushh2.asm' ha sido ejecutado exitosamente
# EXECUTION:: Time: 1700 ns,  Iteration: 1,  Instance: /usuario,  Process: Main.
# KERNEL: Simulation has finished. There are no more test vectors to simulate.
restart
# ELBREAD: Elaboration process.
# ELBREAD: Elaboration time 0.0 [s].
# 
# KERNEL: Main thread initiated.
# KERNEL: Kernel process initialization phase.
# ELAB2: Elaboration final pass...
# ELAB2: Create instances ...
# KERNEL: Time resolution set to 1ns.
# ELAB2: Create instances complete.
# SLP: Started
# SLP: Elaboration phase ...
# SLP: Elaboration phase ... skipped, nothing to simulate in SLP mode : 0.0 [s]
# SLP: Finished : 0.0 [s]
# ELAB2: Elaboration final pass complete - time: 0.2 [s].
# KERNEL: Warning: You are using the Active-HDL Student Edition. The performance of simulation is running at a reduced rate.
# KERNEL: Warning: Contact Aldec for available upgrade options - sales@aldec.com.
# KERNEL: Kernel process initialization done.
# Allocation: Simulator allocated 69394 kB (elbread=427 elab2=68304 kernel=661 sdf=0)
# KERNEL: ASDB file was created in location C:\Practica10\My_Designs\TDA_1819\TDA_1819\src\wave.asdb
#  8:16 p. m., viernes, 21 de noviembre de 2025
#  Simulation has been initialized
# Waveform file 'untitled.awc' connected to 'C:/Practica10/My_Designs/TDA_1819/TDA_1819/src/wave.asdb'.
run
# EXECUTION:: WARNING: El programa 'Assembler/pushh2.asm' ha sido ensamblado exitosamente
# EXECUTION:: Time: 163 ns,  Iteration: 1,  Instance: /usuario,  Process: Main.
# EXECUTION:: NOTE   : Valor de Size = 2
# EXECUTION:: Time: 1227 ns,  Iteration: 0,  Instance: /usuario/UUT/UUT2/UUT2/UUT5,  Process: Main.
# EXECUTION:: NOTE   : Valor de Size = 2
# EXECUTION:: Time: 1427 ns,  Iteration: 0,  Instance: /usuario/UUT/UUT2/UUT2/UUT5,  Process: Main.
# EXECUTION:: WARNING: El programa 'Assembler/pushh2.asm' ha sido ejecutado exitosamente
# EXECUTION:: Time: 1650 ns,  Iteration: 1,  Instance: /usuario,  Process: Main.
# KERNEL: Simulation has finished. There are no more test vectors to simulate.
restart
# ELBREAD: Elaboration process.
# ELBREAD: Elaboration time 0.0 [s].
# 
# KERNEL: Main thread initiated.
# KERNEL: Kernel process initialization phase.
# ELAB2: Elaboration final pass...
# ELAB2: Create instances ...
# KERNEL: Time resolution set to 1ns.
# ELAB2: Create instances complete.
# SLP: Started
# SLP: Elaboration phase ...
# SLP: Elaboration phase ... skipped, nothing to simulate in SLP mode : 0.0 [s]
# SLP: Finished : 0.0 [s]
# ELAB2: Elaboration final pass complete - time: 0.2 [s].
# KERNEL: Warning: You are using the Active-HDL Student Edition. The performance of simulation is running at a reduced rate.
# KERNEL: Warning: Contact Aldec for available upgrade options - sales@aldec.com.
# KERNEL: Kernel process initialization done.
# Allocation: Simulator allocated 69394 kB (elbread=427 elab2=68304 kernel=661 sdf=0)
# KERNEL: ASDB file was created in location C:\Practica10\My_Designs\TDA_1819\TDA_1819\src\wave.asdb
#  8:16 p. m., viernes, 21 de noviembre de 2025
#  Simulation has been initialized
# Waveform file 'untitled.awc' connected to 'C:/Practica10/My_Designs/TDA_1819/TDA_1819/src/wave.asdb'.
run
# EXECUTION:: WARNING: El programa 'Assembler/pushh2.asm' ha sido ensamblado exitosamente
# EXECUTION:: Time: 163 ns,  Iteration: 1,  Instance: /usuario,  Process: Main.
# EXECUTION:: NOTE   : Valor de Size = 2
# EXECUTION:: Time: 1227 ns,  Iteration: 0,  Instance: /usuario/UUT/UUT2/UUT2/UUT5,  Process: Main.
# EXECUTION:: NOTE   : Valor de Size = 2
# EXECUTION:: Time: 1427 ns,  Iteration: 0,  Instance: /usuario/UUT/UUT2/UUT2/UUT5,  Process: Main.
# EXECUTION:: WARNING: El programa 'Assembler/pushh2.asm' ha sido ejecutado exitosamente
# EXECUTION:: Time: 1650 ns,  Iteration: 1,  Instance: /usuario,  Process: Main.
# KERNEL: Simulation has finished. There are no more test vectors to simulate.
restart
# ELBREAD: Elaboration process.
# ELBREAD: Elaboration time 0.0 [s].
# 
# KERNEL: Main thread initiated.
# KERNEL: Kernel process initialization phase.
# ELAB2: Elaboration final pass...
# ELAB2: Create instances ...
# KERNEL: Time resolution set to 1ns.
# ELAB2: Create instances complete.
# SLP: Started
# SLP: Elaboration phase ...
# SLP: Elaboration phase ... skipped, nothing to simulate in SLP mode : 0.0 [s]
# SLP: Finished : 0.0 [s]
# ELAB2: Elaboration final pass complete - time: 0.2 [s].
# KERNEL: Warning: You are using the Active-HDL Student Edition. The performance of simulation is running at a reduced rate.
# KERNEL: Warning: Contact Aldec for available upgrade options - sales@aldec.com.
# KERNEL: Kernel process initialization done.
# Allocation: Simulator allocated 69394 kB (elbread=427 elab2=68304 kernel=661 sdf=0)
# KERNEL: ASDB file was created in location C:\Practica10\My_Designs\TDA_1819\TDA_1819\src\wave.asdb
#  8:16 p. m., viernes, 21 de noviembre de 2025
#  Simulation has been initialized
# Waveform file 'untitled.awc' connected to 'C:/Practica10/My_Designs/TDA_1819/TDA_1819/src/wave.asdb'.
run
# EXECUTION:: WARNING: El programa 'Assembler/pushh2.asm' ha sido ensamblado exitosamente
# EXECUTION:: Time: 163 ns,  Iteration: 1,  Instance: /usuario,  Process: Main.
# EXECUTION:: NOTE   : Valor de Size = 2
# EXECUTION:: Time: 1227 ns,  Iteration: 0,  Instance: /usuario/UUT/UUT2/UUT2/UUT5,  Process: Main.
# EXECUTION:: NOTE   : Valor de Size = 2
# EXECUTION:: Time: 1427 ns,  Iteration: 0,  Instance: /usuario/UUT/UUT2/UUT2/UUT5,  Process: Main.
# EXECUTION:: WARNING: El programa 'Assembler/pushh2.asm' ha sido ejecutado exitosamente
# EXECUTION:: Time: 1650 ns,  Iteration: 1,  Instance: /usuario,  Process: Main.
# KERNEL: Simulation has finished. There are no more test vectors to simulate.
restart
# ELBREAD: Elaboration process.
# ELBREAD: Elaboration time 0.0 [s].
# 
# KERNEL: Main thread initiated.
# KERNEL: Kernel process initialization phase.
# ELAB2: Elaboration final pass...
# ELAB2: Create instances ...
# KERNEL: Time resolution set to 1ns.
# ELAB2: Create instances complete.
# SLP: Started
# SLP: Elaboration phase ...
# SLP: Elaboration phase ... skipped, nothing to simulate in SLP mode : 0.0 [s]
# SLP: Finished : 0.0 [s]
# ELAB2: Elaboration final pass complete - time: 0.2 [s].
# KERNEL: Warning: You are using the Active-HDL Student Edition. The performance of simulation is running at a reduced rate.
# KERNEL: Warning: Contact Aldec for available upgrade options - sales@aldec.com.
# KERNEL: Kernel process initialization done.
# Allocation: Simulator allocated 69394 kB (elbread=427 elab2=68304 kernel=661 sdf=0)
# KERNEL: ASDB file was created in location C:\Practica10\My_Designs\TDA_1819\TDA_1819\src\wave.asdb
#  8:18 p. m., viernes, 21 de noviembre de 2025
#  Simulation has been initialized
# Waveform file 'untitled.awc' connected to 'C:/Practica10/My_Designs/TDA_1819/TDA_1819/src/wave.asdb'.
run
# EXECUTION:: WARNING: El programa 'Assembler/pushh2.asm' ha sido ensamblado exitosamente
# EXECUTION:: Time: 151 ns,  Iteration: 1,  Instance: /usuario,  Process: Main.
# EXECUTION:: NOTE   : Valor de Size = 2
# EXECUTION:: Time: 1027 ns,  Iteration: 0,  Instance: /usuario/UUT/UUT2/UUT2/UUT5,  Process: Main.
# EXECUTION:: NOTE   : Valor de Size = 2
# EXECUTION:: Time: 1227 ns,  Iteration: 0,  Instance: /usuario/UUT/UUT2/UUT2/UUT5,  Process: Main.
# EXECUTION:: WARNING: El programa 'Assembler/pushh2.asm' ha sido ejecutado exitosamente
# EXECUTION:: Time: 1450 ns,  Iteration: 1,  Instance: /usuario,  Process: Main.
# KERNEL: Simulation has finished. There are no more test vectors to simulate.
restart
# ELBREAD: Elaboration process.
# ELBREAD: Elaboration time 0.0 [s].
# 
# KERNEL: Main thread initiated.
# KERNEL: Kernel process initialization phase.
# ELAB2: Elaboration final pass...
# ELAB2: Create instances ...
# KERNEL: Time resolution set to 1ns.
# ELAB2: Create instances complete.
# SLP: Started
# SLP: Elaboration phase ...
# SLP: Elaboration phase ... skipped, nothing to simulate in SLP mode : 0.0 [s]
# SLP: Finished : 0.0 [s]
# ELAB2: Elaboration final pass complete - time: 0.2 [s].
# KERNEL: Warning: You are using the Active-HDL Student Edition. The performance of simulation is running at a reduced rate.
# KERNEL: Warning: Contact Aldec for available upgrade options - sales@aldec.com.
# KERNEL: Kernel process initialization done.
# Allocation: Simulator allocated 69394 kB (elbread=427 elab2=68304 kernel=661 sdf=0)
# KERNEL: ASDB file was created in location C:\Practica10\My_Designs\TDA_1819\TDA_1819\src\wave.asdb
#  8:19 p. m., viernes, 21 de noviembre de 2025
#  Simulation has been initialized
# Waveform file 'untitled.awc' connected to 'C:/Practica10/My_Designs/TDA_1819/TDA_1819/src/wave.asdb'.
run
# EXECUTION:: WARNING: El programa 'Assembler/pushh2.asm' ha sido ensamblado exitosamente
# EXECUTION:: Time: 151 ns,  Iteration: 1,  Instance: /usuario,  Process: Main.
# EXECUTION:: NOTE   : Valor de Size = 2
# EXECUTION:: Time: 1027 ns,  Iteration: 0,  Instance: /usuario/UUT/UUT2/UUT2/UUT5,  Process: Main.
# EXECUTION:: NOTE   : Valor de Size = 2
# EXECUTION:: Time: 1227 ns,  Iteration: 0,  Instance: /usuario/UUT/UUT2/UUT2/UUT5,  Process: Main.
# EXECUTION:: WARNING: El programa 'Assembler/pushh2.asm' ha sido ejecutado exitosamente
# EXECUTION:: Time: 1450 ns,  Iteration: 1,  Instance: /usuario,  Process: Main.
# KERNEL: Simulation has finished. There are no more test vectors to simulate.
restart
# ELBREAD: Elaboration process.
# ELBREAD: Elaboration time 0.0 [s].
# 
# KERNEL: Main thread initiated.
# KERNEL: Kernel process initialization phase.
# ELAB2: Elaboration final pass...
# ELAB2: Create instances ...
# KERNEL: Time resolution set to 1ns.
# ELAB2: Create instances complete.
# SLP: Started
# SLP: Elaboration phase ...
# SLP: Elaboration phase ... skipped, nothing to simulate in SLP mode : 0.0 [s]
# SLP: Finished : 0.0 [s]
# ELAB2: Elaboration final pass complete - time: 0.2 [s].
# KERNEL: Warning: You are using the Active-HDL Student Edition. The performance of simulation is running at a reduced rate.
# KERNEL: Warning: Contact Aldec for available upgrade options - sales@aldec.com.
# KERNEL: Kernel process initialization done.
# Allocation: Simulator allocated 69394 kB (elbread=427 elab2=68304 kernel=661 sdf=0)
# KERNEL: ASDB file was created in location C:\Practica10\My_Designs\TDA_1819\TDA_1819\src\wave.asdb
#  8:20 p. m., viernes, 21 de noviembre de 2025
#  Simulation has been initialized
# Waveform file 'untitled.awc' connected to 'C:/Practica10/My_Designs/TDA_1819/TDA_1819/src/wave.asdb'.
run
# EXECUTION:: WARNING: El programa 'Assembler/pushh2.asm' ha sido ensamblado exitosamente
# EXECUTION:: Time: 163 ns,  Iteration: 1,  Instance: /usuario,  Process: Main.
# EXECUTION:: NOTE   : Valor de Size = 2
# EXECUTION:: Time: 977 ns,  Iteration: 0,  Instance: /usuario/UUT/UUT2/UUT2/UUT5,  Process: Main.
# EXECUTION:: NOTE   : Valor de Size = 2
# EXECUTION:: Time: 1177 ns,  Iteration: 0,  Instance: /usuario/UUT/UUT2/UUT2/UUT5,  Process: Main.
# EXECUTION:: WARNING: El programa 'Assembler/pushh2.asm' ha sido ejecutado exitosamente
# EXECUTION:: Time: 1400 ns,  Iteration: 1,  Instance: /usuario,  Process: Main.
# KERNEL: Simulation has finished. There are no more test vectors to simulate.
restart
# ELBREAD: Elaboration process.
# ELBREAD: Elaboration time 0.0 [s].
# 
# KERNEL: Main thread initiated.
# KERNEL: Kernel process initialization phase.
# ELAB2: Elaboration final pass...
# ELAB2: Create instances ...
# KERNEL: Time resolution set to 1ns.
# ELAB2: Create instances complete.
# SLP: Started
# SLP: Elaboration phase ...
# SLP: Elaboration phase ... skipped, nothing to simulate in SLP mode : 0.0 [s]
# SLP: Finished : 0.0 [s]
# ELAB2: Elaboration final pass complete - time: 0.2 [s].
# KERNEL: Warning: You are using the Active-HDL Student Edition. The performance of simulation is running at a reduced rate.
# KERNEL: Warning: Contact Aldec for available upgrade options - sales@aldec.com.
# KERNEL: Kernel process initialization done.
# Allocation: Simulator allocated 69394 kB (elbread=427 elab2=68304 kernel=661 sdf=0)
# KERNEL: ASDB file was created in location C:\Practica10\My_Designs\TDA_1819\TDA_1819\src\wave.asdb
#  8:20 p. m., viernes, 21 de noviembre de 2025
#  Simulation has been initialized
# Waveform file 'untitled.awc' connected to 'C:/Practica10/My_Designs/TDA_1819/TDA_1819/src/wave.asdb'.
run
# EXECUTION:: WARNING: El programa 'Assembler/pushh2.asm' ha sido ensamblado exitosamente
# EXECUTION:: Time: 169 ns,  Iteration: 1,  Instance: /usuario,  Process: Main.
# EXECUTION:: NOTE   : Valor de Size = 2
# EXECUTION:: Time: 1027 ns,  Iteration: 0,  Instance: /usuario/UUT/UUT2/UUT2/UUT5,  Process: Main.
# EXECUTION:: NOTE   : Valor de Size = 2
# EXECUTION:: Time: 1227 ns,  Iteration: 0,  Instance: /usuario/UUT/UUT2/UUT2/UUT5,  Process: Main.
# EXECUTION:: WARNING: El programa 'Assembler/pushh2.asm' ha sido ejecutado exitosamente
# EXECUTION:: Time: 1450 ns,  Iteration: 1,  Instance: /usuario,  Process: Main.
# KERNEL: Simulation has finished. There are no more test vectors to simulate.
# add wave -noreg {/usuario/UUT/UUT4/Stack_Memory(32764)}
# add wave -noreg {/usuario/UUT/UUT4/Stack_Memory(32765)}
# add wave -noreg {/usuario/UUT/UUT4/Stack_Memory(32766)}
# VSIM: 3 object(s) traced.
# add wave -noreg {/usuario/UUT/UUT4/Stack_Memory(32767)}
# VSIM: 1 object(s) traced.
restart
# ELBREAD: Elaboration process.
# ELBREAD: Elaboration time 0.0 [s].
# 
# KERNEL: Main thread initiated.
# KERNEL: Kernel process initialization phase.
# ELAB2: Elaboration final pass...
# ELAB2: Create instances ...
# KERNEL: Time resolution set to 1ns.
# ELAB2: Create instances complete.
# SLP: Started
# SLP: Elaboration phase ...
# SLP: Elaboration phase ... skipped, nothing to simulate in SLP mode : 0.0 [s]
# SLP: Finished : 0.0 [s]
# ELAB2: Elaboration final pass complete - time: 0.2 [s].
# KERNEL: Warning: You are using the Active-HDL Student Edition. The performance of simulation is running at a reduced rate.
# KERNEL: Warning: Contact Aldec for available upgrade options - sales@aldec.com.
# KERNEL: Kernel process initialization done.
# Allocation: Simulator allocated 69394 kB (elbread=427 elab2=68304 kernel=661 sdf=0)
# KERNEL: ASDB file was created in location C:\Practica10\My_Designs\TDA_1819\TDA_1819\src\wave.asdb
#  8:21 p. m., viernes, 21 de noviembre de 2025
#  Simulation has been initialized
# Waveform file 'untitled.awc' connected to 'C:/Practica10/My_Designs/TDA_1819/TDA_1819/src/wave.asdb'.
run
# EXECUTION:: WARNING: El programa 'Assembler/pushh2.asm' ha sido ensamblado exitosamente
# EXECUTION:: Time: 169 ns,  Iteration: 1,  Instance: /usuario,  Process: Main.
# EXECUTION:: NOTE   : Valor de Size = 2
# EXECUTION:: Time: 1027 ns,  Iteration: 0,  Instance: /usuario/UUT/UUT2/UUT2/UUT5,  Process: Main.
# EXECUTION:: NOTE   : Valor de Size = 2
# EXECUTION:: Time: 1227 ns,  Iteration: 0,  Instance: /usuario/UUT/UUT2/UUT2/UUT5,  Process: Main.
# EXECUTION:: WARNING: El programa 'Assembler/pushh2.asm' ha sido ejecutado exitosamente
# EXECUTION:: Time: 1450 ns,  Iteration: 1,  Instance: /usuario,  Process: Main.
# KERNEL: Simulation has finished. There are no more test vectors to simulate.
restart
# ELBREAD: Elaboration process.
# ELBREAD: Elaboration time 0.0 [s].
# 
# KERNEL: Main thread initiated.
# KERNEL: Kernel process initialization phase.
# ELAB2: Elaboration final pass...
# ELAB2: Create instances ...
# KERNEL: Time resolution set to 1ns.
# ELAB2: Create instances complete.
# SLP: Started
# SLP: Elaboration phase ...
# SLP: Elaboration phase ... skipped, nothing to simulate in SLP mode : 0.0 [s]
# SLP: Finished : 0.0 [s]
# ELAB2: Elaboration final pass complete - time: 0.2 [s].
# KERNEL: Warning: You are using the Active-HDL Student Edition. The performance of simulation is running at a reduced rate.
# KERNEL: Warning: Contact Aldec for available upgrade options - sales@aldec.com.
# KERNEL: Kernel process initialization done.
# Allocation: Simulator allocated 69394 kB (elbread=427 elab2=68304 kernel=661 sdf=0)
# KERNEL: ASDB file was created in location C:\Practica10\My_Designs\TDA_1819\TDA_1819\src\wave.asdb
#  8:22 p. m., viernes, 21 de noviembre de 2025
#  Simulation has been initialized
# Waveform file 'untitled.awc' connected to 'C:/Practica10/My_Designs/TDA_1819/TDA_1819/src/wave.asdb'.
run
# EXECUTION:: WARNING: El programa 'Assembler/pushh2.asm' ha sido ensamblado exitosamente
# EXECUTION:: Time: 157 ns,  Iteration: 1,  Instance: /usuario,  Process: Main.
# EXECUTION:: NOTE   : Valor de Size = 2
# EXECUTION:: Time: 1077 ns,  Iteration: 0,  Instance: /usuario/UUT/UUT2/UUT2/UUT5,  Process: Main.
# EXECUTION:: NOTE   : Valor de Size = 2
# EXECUTION:: Time: 1277 ns,  Iteration: 0,  Instance: /usuario/UUT/UUT2/UUT2/UUT5,  Process: Main.
# EXECUTION:: WARNING: El programa 'Assembler/pushh2.asm' ha sido ejecutado exitosamente
# EXECUTION:: Time: 1500 ns,  Iteration: 1,  Instance: /usuario,  Process: Main.
# KERNEL: Simulation has finished. There are no more test vectors to simulate.
restart
# ELBREAD: Elaboration process.
# ELBREAD: Elaboration time 0.0 [s].
# 
# KERNEL: Main thread initiated.
# KERNEL: Kernel process initialization phase.
# ELAB2: Elaboration final pass...
# ELAB2: Create instances ...
# KERNEL: Time resolution set to 1ns.
# ELAB2: Create instances complete.
# SLP: Started
# SLP: Elaboration phase ...
# SLP: Elaboration phase ... skipped, nothing to simulate in SLP mode : 0.0 [s]
# SLP: Finished : 0.0 [s]
# ELAB2: Elaboration final pass complete - time: 0.2 [s].
# KERNEL: Warning: You are using the Active-HDL Student Edition. The performance of simulation is running at a reduced rate.
# KERNEL: Warning: Contact Aldec for available upgrade options - sales@aldec.com.
# KERNEL: Kernel process initialization done.
# Allocation: Simulator allocated 69394 kB (elbread=427 elab2=68304 kernel=661 sdf=0)
# KERNEL: ASDB file was created in location C:\Practica10\My_Designs\TDA_1819\TDA_1819\src\wave.asdb
#  8:22 p. m., viernes, 21 de noviembre de 2025
#  Simulation has been initialized
# Waveform file 'untitled.awc' connected to 'C:/Practica10/My_Designs/TDA_1819/TDA_1819/src/wave.asdb'.
run
# EXECUTION:: WARNING: El programa 'Assembler/pushh2.asm' ha sido ensamblado exitosamente
# EXECUTION:: Time: 169 ns,  Iteration: 1,  Instance: /usuario,  Process: Main.
# EXECUTION:: NOTE   : Valor de Size = 2
# EXECUTION:: Time: 1027 ns,  Iteration: 0,  Instance: /usuario/UUT/UUT2/UUT2/UUT5,  Process: Main.
# EXECUTION:: NOTE   : Valor de Size = 2
# EXECUTION:: Time: 1227 ns,  Iteration: 0,  Instance: /usuario/UUT/UUT2/UUT2/UUT5,  Process: Main.
# EXECUTION:: WARNING: El programa 'Assembler/pushh2.asm' ha sido ejecutado exitosamente
# EXECUTION:: Time: 1450 ns,  Iteration: 1,  Instance: /usuario,  Process: Main.
# KERNEL: Simulation has finished. There are no more test vectors to simulate.
restart
# ELBREAD: Elaboration process.
# ELBREAD: Elaboration time 0.0 [s].
# 
# KERNEL: Main thread initiated.
# KERNEL: Kernel process initialization phase.
# ELAB2: Elaboration final pass...
# ELAB2: Create instances ...
# KERNEL: Time resolution set to 1ns.
# ELAB2: Create instances complete.
# SLP: Started
# SLP: Elaboration phase ...
# SLP: Elaboration phase ... skipped, nothing to simulate in SLP mode : 0.0 [s]
# SLP: Finished : 0.0 [s]
# ELAB2: Elaboration final pass complete - time: 0.2 [s].
# KERNEL: Warning: You are using the Active-HDL Student Edition. The performance of simulation is running at a reduced rate.
# KERNEL: Warning: Contact Aldec for available upgrade options - sales@aldec.com.
# KERNEL: Kernel process initialization done.
# Allocation: Simulator allocated 69394 kB (elbread=427 elab2=68304 kernel=661 sdf=0)
# KERNEL: ASDB file was created in location C:\Practica10\My_Designs\TDA_1819\TDA_1819\src\wave.asdb
#  8:23 p. m., viernes, 21 de noviembre de 2025
#  Simulation has been initialized
# Waveform file 'untitled.awc' connected to 'C:/Practica10/My_Designs/TDA_1819/TDA_1819/src/wave.asdb'.
run
# EXECUTION:: WARNING: El programa 'Assembler/pushh2.asm' ha sido ensamblado exitosamente
# EXECUTION:: Time: 157 ns,  Iteration: 1,  Instance: /usuario,  Process: Main.
# EXECUTION:: NOTE   : Valor de Size = 2
# EXECUTION:: Time: 1077 ns,  Iteration: 0,  Instance: /usuario/UUT/UUT2/UUT2/UUT5,  Process: Main.
# EXECUTION:: NOTE   : Valor de Size = 2
# EXECUTION:: Time: 1277 ns,  Iteration: 0,  Instance: /usuario/UUT/UUT2/UUT2/UUT5,  Process: Main.
# EXECUTION:: WARNING: El programa 'Assembler/pushh2.asm' ha sido ejecutado exitosamente
# EXECUTION:: Time: 1500 ns,  Iteration: 1,  Instance: /usuario,  Process: Main.
# KERNEL: Simulation has finished. There are no more test vectors to simulate.
endsim
# VSIM: Simulation has finished.
asim -t ns -O5 +access +r +m+usuario usuario usuario_architecture
# ELBREAD: Elaboration process.
# ELBREAD: Elaboration time 0.0 [s].
# VSIM: Stack memory: 32MB
# VSIM: Retval memory: 32MB
# 
# KERNEL: Main thread initiated.
# KERNEL: Kernel process initialization phase.
# ELAB2: Elaboration final pass...
# ELAB2: Create instances ...
# KERNEL: Time resolution set to 1ns.
# ELAB2: Create instances complete.
# SLP: Started
# SLP: Elaboration phase ...
# SLP: Elaboration phase ... skipped, nothing to simulate in SLP mode : 0.0 [s]
# SLP: Finished : 0.0 [s]
# ELAB2: Elaboration final pass complete - time: 0.2 [s].
# KERNEL: Warning: You are using the Active-HDL Student Edition. The performance of simulation is running at a reduced rate.
# KERNEL: Warning: Contact Aldec for available upgrade options - sales@aldec.com.
# KERNEL: Kernel process initialization done.
# Allocation: Simulator allocated 69394 kB (elbread=427 elab2=68304 kernel=661 sdf=0)
# KERNEL: ASDB file was created in location C:\Practica10\My_Designs\TDA_1819\TDA_1819\src\wave.asdb
#  8:23 p. m., viernes, 21 de noviembre de 2025
#  Simulation has been initialized
# Waveform file 'untitled.awc' connected to 'C:/Practica10/My_Designs/TDA_1819/TDA_1819/src/wave.asdb'.
run
# EXECUTION:: WARNING: El programa 'Assembler/pushh2.asm' ha sido ensamblado exitosamente
# EXECUTION:: Time: 157 ns,  Iteration: 1,  Instance: /usuario,  Process: Main.
# EXECUTION:: NOTE   : Valor de Size = 2
# EXECUTION:: Time: 1077 ns,  Iteration: 0,  Instance: /usuario/UUT/UUT2/UUT2/UUT5,  Process: Main.
# EXECUTION:: NOTE   : Valor de Size = 2
# EXECUTION:: Time: 1277 ns,  Iteration: 0,  Instance: /usuario/UUT/UUT2/UUT2/UUT5,  Process: Main.
# EXECUTION:: WARNING: El programa 'Assembler/pushh2.asm' ha sido ejecutado exitosamente
# EXECUTION:: Time: 1500 ns,  Iteration: 1,  Instance: /usuario,  Process: Main.
# KERNEL: Simulation has finished. There are no more test vectors to simulate.
endsim
# VSIM: Simulation has finished.
asim -t ns -O5 +access +r +m+usuario usuario usuario_architecture
# ELBREAD: Elaboration process.
# ELBREAD: Elaboration time 0.0 [s].
# VSIM: Stack memory: 32MB
# VSIM: Retval memory: 32MB
# 
# KERNEL: Main thread initiated.
# KERNEL: Kernel process initialization phase.
# ELAB2: Elaboration final pass...
# ELAB2: Create instances ...
# KERNEL: Time resolution set to 1ns.
# ELAB2: Create instances complete.
# SLP: Started
# SLP: Elaboration phase ...
# SLP: Elaboration phase ... skipped, nothing to simulate in SLP mode : 0.0 [s]
# SLP: Finished : 0.0 [s]
# ELAB2: Elaboration final pass complete - time: 0.3 [s].
# KERNEL: Warning: You are using the Active-HDL Student Edition. The performance of simulation is running at a reduced rate.
# KERNEL: Warning: Contact Aldec for available upgrade options - sales@aldec.com.
# KERNEL: Kernel process initialization done.
# Allocation: Simulator allocated 69394 kB (elbread=427 elab2=68304 kernel=661 sdf=0)
# KERNEL: ASDB file was created in location C:\Practica10\My_Designs\TDA_1819\TDA_1819\src\wave.asdb
#  8:23 p. m., viernes, 21 de noviembre de 2025
#  Simulation has been initialized
# Waveform file 'untitled.awc' connected to 'C:/Practica10/My_Designs/TDA_1819/TDA_1819/src/wave.asdb'.
run
# EXECUTION:: WARNING: El programa 'Assembler/pushh2.asm' ha sido ensamblado exitosamente
# EXECUTION:: Time: 169 ns,  Iteration: 1,  Instance: /usuario,  Process: Main.
# EXECUTION:: NOTE   : Valor de Size = 2
# EXECUTION:: Time: 1027 ns,  Iteration: 0,  Instance: /usuario/UUT/UUT2/UUT2/UUT5,  Process: Main.
# EXECUTION:: NOTE   : Valor de Size = 2
# EXECUTION:: Time: 1227 ns,  Iteration: 0,  Instance: /usuario/UUT/UUT2/UUT2/UUT5,  Process: Main.
# EXECUTION:: WARNING: El programa 'Assembler/pushh2.asm' ha sido ejecutado exitosamente
# EXECUTION:: Time: 1450 ns,  Iteration: 1,  Instance: /usuario,  Process: Main.
# KERNEL: Simulation has finished. There are no more test vectors to simulate.
restart
# ELBREAD: Elaboration process.
# ELBREAD: Elaboration time 0.0 [s].
# 
# KERNEL: Main thread initiated.
# KERNEL: Kernel process initialization phase.
# ELAB2: Elaboration final pass...
# ELAB2: Create instances ...
# KERNEL: Time resolution set to 1ns.
# ELAB2: Create instances complete.
# SLP: Started
# SLP: Elaboration phase ...
# SLP: Elaboration phase ... skipped, nothing to simulate in SLP mode : 0.0 [s]
# SLP: Finished : 0.0 [s]
# ELAB2: Elaboration final pass complete - time: 0.2 [s].
# KERNEL: Warning: You are using the Active-HDL Student Edition. The performance of simulation is running at a reduced rate.
# KERNEL: Warning: Contact Aldec for available upgrade options - sales@aldec.com.
# KERNEL: Kernel process initialization done.
# Allocation: Simulator allocated 69394 kB (elbread=427 elab2=68304 kernel=661 sdf=0)
# KERNEL: ASDB file was created in location C:\Practica10\My_Designs\TDA_1819\TDA_1819\src\wave.asdb
#  8:24 p. m., viernes, 21 de noviembre de 2025
#  Simulation has been initialized
# Waveform file 'untitled.awc' connected to 'C:/Practica10/My_Designs/TDA_1819/TDA_1819/src/wave.asdb'.
run
# EXECUTION:: WARNING: El programa 'Assembler/pushh2.asm' ha sido ensamblado exitosamente
# EXECUTION:: Time: 181 ns,  Iteration: 1,  Instance: /usuario,  Process: Main.
# EXECUTION:: NOTE   : Valor de Size = 2
# EXECUTION:: Time: 1127 ns,  Iteration: 0,  Instance: /usuario/UUT/UUT2/UUT2/UUT5,  Process: Main.
# EXECUTION:: NOTE   : Valor de Size = 2
# EXECUTION:: Time: 1327 ns,  Iteration: 0,  Instance: /usuario/UUT/UUT2/UUT2/UUT5,  Process: Main.
# EXECUTION:: WARNING: El programa 'Assembler/pushh2.asm' ha sido ejecutado exitosamente
# EXECUTION:: Time: 1550 ns,  Iteration: 1,  Instance: /usuario,  Process: Main.
# KERNEL: Simulation has finished. There are no more test vectors to simulate.
endsim
# VSIM: Simulation has finished.
asim -t ns -O5 +access +r +m+usuario usuario usuario_architecture
# ELBREAD: Elaboration process.
# ELBREAD: Elaboration time 0.0 [s].
# VSIM: Stack memory: 32MB
# VSIM: Retval memory: 32MB
# 
# KERNEL: Main thread initiated.
# KERNEL: Kernel process initialization phase.
# ELAB2: Elaboration final pass...
# ELAB2: Create instances ...
# KERNEL: Time resolution set to 1ns.
# ELAB2: Create instances complete.
# SLP: Started
# SLP: Elaboration phase ...
# SLP: Elaboration phase ... skipped, nothing to simulate in SLP mode : 0.0 [s]
# SLP: Finished : 0.0 [s]
# ELAB2: Elaboration final pass complete - time: 0.2 [s].
# KERNEL: Warning: You are using the Active-HDL Student Edition. The performance of simulation is running at a reduced rate.
# KERNEL: Warning: Contact Aldec for available upgrade options - sales@aldec.com.
# KERNEL: Kernel process initialization done.
# Allocation: Simulator allocated 69394 kB (elbread=427 elab2=68304 kernel=661 sdf=0)
# KERNEL: ASDB file was created in location C:\Practica10\My_Designs\TDA_1819\TDA_1819\src\wave.asdb
#  8:24 p. m., viernes, 21 de noviembre de 2025
#  Simulation has been initialized
# Waveform file 'untitled.awc' connected to 'C:/Practica10/My_Designs/TDA_1819/TDA_1819/src/wave.asdb'.
run
# EXECUTION:: WARNING: El programa 'Assembler/pushh2.asm' ha sido ensamblado exitosamente
# EXECUTION:: Time: 181 ns,  Iteration: 1,  Instance: /usuario,  Process: Main.
# EXECUTION:: NOTE   : Valor de Size = 2
# EXECUTION:: Time: 1127 ns,  Iteration: 0,  Instance: /usuario/UUT/UUT2/UUT2/UUT5,  Process: Main.
# EXECUTION:: NOTE   : Valor de Size = 2
# EXECUTION:: Time: 1327 ns,  Iteration: 0,  Instance: /usuario/UUT/UUT2/UUT2/UUT5,  Process: Main.
# EXECUTION:: WARNING: El programa 'Assembler/pushh2.asm' ha sido ejecutado exitosamente
# EXECUTION:: Time: 1550 ns,  Iteration: 1,  Instance: /usuario,  Process: Main.
# KERNEL: Simulation has finished. There are no more test vectors to simulate.
restart
# ELBREAD: Elaboration process.
# ELBREAD: Elaboration time 0.0 [s].
# 
# KERNEL: Main thread initiated.
# KERNEL: Kernel process initialization phase.
# ELAB2: Elaboration final pass...
# ELAB2: Create instances ...
# KERNEL: Time resolution set to 1ns.
# ELAB2: Create instances complete.
# SLP: Started
# SLP: Elaboration phase ...
# SLP: Elaboration phase ... skipped, nothing to simulate in SLP mode : 0.0 [s]
# SLP: Finished : 0.0 [s]
# ELAB2: Elaboration final pass complete - time: 0.2 [s].
# KERNEL: Warning: You are using the Active-HDL Student Edition. The performance of simulation is running at a reduced rate.
# KERNEL: Warning: Contact Aldec for available upgrade options - sales@aldec.com.
# KERNEL: Kernel process initialization done.
# Allocation: Simulator allocated 69394 kB (elbread=427 elab2=68304 kernel=661 sdf=0)
# KERNEL: ASDB file was created in location C:\Practica10\My_Designs\TDA_1819\TDA_1819\src\wave.asdb
#  8:26 p. m., viernes, 21 de noviembre de 2025
#  Simulation has been initialized
# Waveform file 'untitled.awc' connected to 'C:/Practica10/My_Designs/TDA_1819/TDA_1819/src/wave.asdb'.
run
# EXECUTION:: WARNING: El programa 'Assembler/pushh2.asm' ha sido ensamblado exitosamente
# EXECUTION:: Time: 175 ns,  Iteration: 1,  Instance: /usuario,  Process: Main.
# EXECUTION:: NOTE   : Valor de Size = 2
# EXECUTION:: Time: 1077 ns,  Iteration: 0,  Instance: /usuario/UUT/UUT2/UUT2/UUT5,  Process: Main.
# EXECUTION:: NOTE   : Valor de Size = 2
# EXECUTION:: Time: 1277 ns,  Iteration: 0,  Instance: /usuario/UUT/UUT2/UUT2/UUT5,  Process: Main.
# EXECUTION:: WARNING: El programa 'Assembler/pushh2.asm' ha sido ejecutado exitosamente
# EXECUTION:: Time: 1500 ns,  Iteration: 1,  Instance: /usuario,  Process: Main.
# KERNEL: Simulation has finished. There are no more test vectors to simulate.
restart
# ELBREAD: Elaboration process.
# ELBREAD: Elaboration time 0.0 [s].
# 
# KERNEL: Main thread initiated.
# KERNEL: Kernel process initialization phase.
# ELAB2: Elaboration final pass...
# ELAB2: Create instances ...
# KERNEL: Time resolution set to 1ns.
# ELAB2: Create instances complete.
# SLP: Started
# SLP: Elaboration phase ...
# SLP: Elaboration phase ... skipped, nothing to simulate in SLP mode : 0.0 [s]
# SLP: Finished : 0.0 [s]
# ELAB2: Elaboration final pass complete - time: 0.2 [s].
# KERNEL: Warning: You are using the Active-HDL Student Edition. The performance of simulation is running at a reduced rate.
# KERNEL: Warning: Contact Aldec for available upgrade options - sales@aldec.com.
# KERNEL: Kernel process initialization done.
# Allocation: Simulator allocated 69394 kB (elbread=427 elab2=68304 kernel=661 sdf=0)
# KERNEL: ASDB file was created in location C:\Practica10\My_Designs\TDA_1819\TDA_1819\src\wave.asdb
#  8:26 p. m., viernes, 21 de noviembre de 2025
#  Simulation has been initialized
# Waveform file 'untitled.awc' connected to 'C:/Practica10/My_Designs/TDA_1819/TDA_1819/src/wave.asdb'.
run
# EXECUTION:: WARNING: El programa 'Assembler/pushh2.asm' ha sido ensamblado exitosamente
# EXECUTION:: Time: 169 ns,  Iteration: 1,  Instance: /usuario,  Process: Main.
# EXECUTION:: NOTE   : Valor de Size = 2
# EXECUTION:: Time: 1027 ns,  Iteration: 0,  Instance: /usuario/UUT/UUT2/UUT2/UUT5,  Process: Main.
# EXECUTION:: NOTE   : Valor de Size = 2
# EXECUTION:: Time: 1227 ns,  Iteration: 0,  Instance: /usuario/UUT/UUT2/UUT2/UUT5,  Process: Main.
# EXECUTION:: WARNING: El programa 'Assembler/pushh2.asm' ha sido ejecutado exitosamente
# EXECUTION:: Time: 1450 ns,  Iteration: 1,  Instance: /usuario,  Process: Main.
# KERNEL: Simulation has finished. There are no more test vectors to simulate.
restart
# ELBREAD: Elaboration process.
# ELBREAD: Elaboration time 0.0 [s].
# 
# KERNEL: Main thread initiated.
# KERNEL: Kernel process initialization phase.
# ELAB2: Elaboration final pass...
# ELAB2: Create instances ...
# KERNEL: Time resolution set to 1ns.
# ELAB2: Create instances complete.
# SLP: Started
# SLP: Elaboration phase ...
# SLP: Elaboration phase ... skipped, nothing to simulate in SLP mode : 0.0 [s]
# SLP: Finished : 0.0 [s]
# ELAB2: Elaboration final pass complete - time: 0.2 [s].
# KERNEL: Warning: You are using the Active-HDL Student Edition. The performance of simulation is running at a reduced rate.
# KERNEL: Warning: Contact Aldec for available upgrade options - sales@aldec.com.
# KERNEL: Kernel process initialization done.
# Allocation: Simulator allocated 69394 kB (elbread=427 elab2=68304 kernel=661 sdf=0)
# KERNEL: ASDB file was created in location C:\Practica10\My_Designs\TDA_1819\TDA_1819\src\wave.asdb
#  8:27 p. m., viernes, 21 de noviembre de 2025
#  Simulation has been initialized
# Waveform file 'untitled.awc' connected to 'C:/Practica10/My_Designs/TDA_1819/TDA_1819/src/wave.asdb'.
run
# EXECUTION:: WARNING: El programa 'Assembler/pushh2.asm' ha sido ensamblado exitosamente
# EXECUTION:: Time: 181 ns,  Iteration: 1,  Instance: /usuario,  Process: Main.
# EXECUTION:: NOTE   : Valor de Size = 2
# EXECUTION:: Time: 1077 ns,  Iteration: 0,  Instance: /usuario/UUT/UUT2/UUT2/UUT5,  Process: Main.
# EXECUTION:: NOTE   : Valor de Size = 2
# EXECUTION:: Time: 1277 ns,  Iteration: 0,  Instance: /usuario/UUT/UUT2/UUT2/UUT5,  Process: Main.
# EXECUTION:: WARNING: El programa 'Assembler/pushh2.asm' ha sido ejecutado exitosamente
# EXECUTION:: Time: 1500 ns,  Iteration: 1,  Instance: /usuario,  Process: Main.
# KERNEL: Simulation has finished. There are no more test vectors to simulate.
restart
# ELBREAD: Elaboration process.
# ELBREAD: Elaboration time 0.0 [s].
# 
# KERNEL: Main thread initiated.
# KERNEL: Kernel process initialization phase.
# ELAB2: Elaboration final pass...
# ELAB2: Create instances ...
# KERNEL: Time resolution set to 1ns.
# ELAB2: Create instances complete.
# SLP: Started
# SLP: Elaboration phase ...
# SLP: Elaboration phase ... skipped, nothing to simulate in SLP mode : 0.0 [s]
# SLP: Finished : 0.0 [s]
# ELAB2: Elaboration final pass complete - time: 0.2 [s].
# KERNEL: Warning: You are using the Active-HDL Student Edition. The performance of simulation is running at a reduced rate.
# KERNEL: Warning: Contact Aldec for available upgrade options - sales@aldec.com.
# KERNEL: